<?xml version="1.0" encoding="UTF-8"?>
<testng-results skipped="0" failed="0" ignored="0" total="1" passed="1">
  <reporter-output>
  </reporter-output>
  <suite name="Default suite" duration-ms="14201" started-at="2020-06-15T12:42:19 CDT" finished-at="2020-06-15T12:42:33 CDT">
    <groups>
    </groups>
    <test name="Default test" duration-ms="14201" started-at="2020-06-15T12:42:19 CDT" finished-at="2020-06-15T12:42:33 CDT">
      <class name="test.TestNG_Demo">
        <test-method status="PASS" signature="setUpTest()[pri:0, instance:test.TestNG_Demo@80503]" name="setUpTest" is-config="true" duration-ms="4226" started-at="2020-06-15T12:42:19 CDT" finished-at="2020-06-15T12:42:23 CDT">
          <reporter-output>
          </reporter-output>
        </test-method> <!-- setUpTest -->
        <test-method status="PASS" signature="googleSearch()[pri:0, instance:test.TestNG_Demo@80503]" name="googleSearch" duration-ms="7817" started-at="2020-06-15T12:42:23 CDT" finished-at="2020-06-15T12:42:31 CDT">
          <reporter-output>
          </reporter-output>
        </test-method> <!-- googleSearch -->
        <test-method status="PASS" signature="tearDownTest()[pri:0, instance:test.TestNG_Demo@80503]" name="tearDownTest" is-config="true" duration-ms="2126" started-at="2020-06-15T12:42:31 CDT" finished-at="2020-06-15T12:42:33 CDT">
          <reporter-output>
          </reporter-output>
        </test-method> <!-- tearDownTest -->
      </class> <!-- test.TestNG_Demo -->
    </test> <!-- Default test -->
  </suite> <!-- Default suite -->
</testng-results>
